  Source.cpp
C:\Users\anast\Desktop\прока с++\7 lab\7 lab\Source.cpp(20,1): error C4430: отсутствует спецификатор типа - предполагается int. Примечание. C++ не поддерживает int по умолчанию
C:\Users\anast\Desktop\прока с++\7 lab\7 lab\Source.cpp(34): message : выполняется компиляция ссылки на экземпляр класс шаблон функции "сlist<T>"
C:\Users\anast\Desktop\прока с++\7 lab\7 lab\Source.cpp(20,1): warning C4183: clist: отсутствие возвращаемого типа; предполагается функция-член, возвращающая "int"
C:\Users\anast\Desktop\прока с++\7 lab\7 lab\Source.cpp(21,3): error C3861: head: идентификатор не найден
C:\Users\anast\Desktop\прока с++\7 lab\7 lab\Source.cpp(22,3): error C3861: tail: идентификатор не найден
C:\Users\anast\Desktop\прока с++\7 lab\7 lab\Source.cpp(44,6): error C2065: head: необъявленный идентификатор
C:\Users\anast\Desktop\прока с++\7 lab\7 lab\Source.cpp(44,6): error C3861: head: идентификатор не найден
C:\Users\anast\Desktop\прока с++\7 lab\7 lab\Source.cpp(49,3): error C3861: head: идентификатор не найден
C:\Users\anast\Desktop\прока с++\7 lab\7 lab\Source.cpp(49,10): error C3861: tail: идентификатор не найден
C:\Users\anast\Desktop\прока с++\7 lab\7 lab\Source.cpp(56,13): error C3861: head: идентификатор не найден
C:\Users\anast\Desktop\прока с++\7 lab\7 lab\Source.cpp(57,3): error C3861: head: идентификатор не найден
C:\Users\anast\Desktop\прока с++\7 lab\7 lab\Source.cpp(58,3): error C3861: head: идентификатор не найден
C:\Users\anast\Desktop\прока с++\7 lab\7 lab\Source.cpp(63,6): error C2065: head: необъявленный идентификатор
C:\Users\anast\Desktop\прока с++\7 lab\7 lab\Source.cpp(63,6): error C3861: head: идентификатор не найден
C:\Users\anast\Desktop\прока с++\7 lab\7 lab\Source.cpp(67,3): error C3861: head: идентификатор не найден
C:\Users\anast\Desktop\прока с++\7 lab\7 lab\Source.cpp(67,10): error C3861: tail: идентификатор не найден
C:\Users\anast\Desktop\прока с++\7 lab\7 lab\Source.cpp(73,3): error C3861: tail: идентификатор не найден
C:\Users\anast\Desktop\прока с++\7 lab\7 lab\Source.cpp(74,13): error C3861: tail: идентификатор не найден
C:\Users\anast\Desktop\прока с++\7 lab\7 lab\Source.cpp(75,3): error C3861: tail: идентификатор не найден
C:\Users\anast\Desktop\прока с++\7 lab\7 lab\Source.cpp(81,6): error C2065: head: необъявленный идентификатор
C:\Users\anast\Desktop\прока с++\7 lab\7 lab\Source.cpp(81,6): error C3861: head: идентификатор не найден
C:\Users\anast\Desktop\прока с++\7 lab\7 lab\Source.cpp(81,14): error C3861: nuulptr: идентификатор не найден
C:\Users\anast\Desktop\прока с++\7 lab\7 lab\Source.cpp(82,6): error C3861: head: идентификатор не найден
C:\Users\anast\Desktop\прока с++\7 lab\7 lab\Source.cpp(83,2): error C3861: head: идентификатор не найден
C:\Users\anast\Desktop\прока с++\7 lab\7 lab\Source.cpp(83,9): error C3861: head: идентификатор не найден
C:\Users\anast\Desktop\прока с++\7 lab\7 lab\Source.cpp(89,6): error C2065: head: необъявленный идентификатор
C:\Users\anast\Desktop\прока с++\7 lab\7 lab\Source.cpp(89,6): error C3861: head: идентификатор не найден
C:\Users\anast\Desktop\прока с++\7 lab\7 lab\Source.cpp(89,22): error C2065: tail: необъявленный идентификатор
C:\Users\anast\Desktop\прока с++\7 lab\7 lab\Source.cpp(89,22): error C3861: tail: идентификатор не найден
C:\Users\anast\Desktop\прока с++\7 lab\7 lab\Source.cpp(91,6): error C3861: tail: идентификатор не найден
C:\Users\anast\Desktop\прока с++\7 lab\7 lab\Source.cpp(92,2): error C3861: tail: идентификатор не найден
C:\Users\anast\Desktop\прока с++\7 lab\7 lab\Source.cpp(92,9): error C3861: tail: идентификатор не найден
C:\Users\anast\Desktop\прока с++\7 lab\7 lab\Source.cpp(93,6): error C2065: tail: необъявленный идентификатор
C:\Users\anast\Desktop\прока с++\7 lab\7 lab\Source.cpp(93,6): error C3861: tail: идентификатор не найден
C:\Users\anast\Desktop\прока с++\7 lab\7 lab\Source.cpp(94,3): error C3861: tail: идентификатор не найден
C:\Users\anast\Desktop\прока с++\7 lab\7 lab\Source.cpp(96,3): error C3861: tail: идентификатор не найден
C:\Users\anast\Desktop\прока с++\7 lab\7 lab\Source.cpp(96,10): error C3861: head: идентификатор не найден
